<?xml version="1.0" encoding="UTF-8"?>
<!-- Generated by org.testng.reporters.JUnitReportReporter -->
<testsuite hostname="DESKTOP-DF2HJEK" failures="0" tests="2" name="RestAssuredTests.TC_TestCases" time="4.707" errors="0" timestamp="2022-11-24T17:27:34 IST" skipped="0">
  <testcase classname="RestAssuredTests.TC_TestCases" name="test_getPetById" time="3.128"/>
  <system-out/>
  <testcase classname="RestAssuredTests.TC_TestCases" name="test_addPet" time="1.579"/>
  <system-out/>
</testsuite> <!-- RestAssuredTests.TC_TestCases -->
