<?xml version="1.0" encoding="UTF-8"?>
<!-- Generated by org.testng.reporters.JUnitReportReporter -->
<testsuite hostname="DESKTOP-DF2HJEK" failures="0" tests="1" name="RestAssuredTests.TC_FindPetById" time="3.022" errors="0" timestamp="2022-11-23T17:45:58 IST" skipped="0">
  <testcase classname="RestAssuredTests.TC_FindPetById" name="test_getPetById" time="3.022"/>
  <system-out/>
</testsuite> <!-- RestAssuredTests.TC_FindPetById -->
