<?xml version="1.0" encoding="UTF-8"?>
<!-- Generated by org.testng.reporters.JUnitReportReporter -->
<testsuite hostname="DESKTOP-DF2HJEK" failures="0" tests="2" name="RestAssuredTests.TC_FindPetById" time="4.855" errors="0" timestamp="2022-11-23T23:44:57 IST" skipped="0">
  <testcase classname="RestAssuredTests.TC_FindPetById" name="test_getPetById" time="3.321"/>
  <system-out/>
  <testcase classname="RestAssuredTests.TC_FindPetById" name="test_addPet" time="1.534"/>
  <system-out/>
</testsuite> <!-- RestAssuredTests.TC_FindPetById -->
